# JRE version: Java(TM) SE Runtime Environment (20.0.1+9) (build 20.0.1+9-29)
# Java VM: Java HotSpot(TM) 64-Bit Server VM (20.0.1+9-29, mixed mode, emulated-client, sharing, tiered, compressed oops, compressed class ptrs, g1 gc, windows-amd64)
GC Precious Log:
 CardTable entry size: 512
 Card Set container configuration: InlinePtr #cards 5 size 8 Array Of Cards #cards 12 size 40 Howl #buckets 4 coarsen threshold 1843 Howl Bitmap #cards 512 size 80 coarsen threshold 460 Card regions per heap region 1 cards per card region 2048
 CPUs: 4 total, 4 available
 Memory: 3961M
 Large Page Support: Disabled
 NUMA Support: Disabled
 Compressed Oops: Enabled (32-bit)
 Heap Region Size: 1M
 Heap Min Capacity: 8M
 Heap Initial Capacity: 62M
 Heap Max Capacity: 992M
 Pre-touch: Disabled
 Parallel Workers: 4
 Concurrent Workers: 1
 Concurrent Refinement Workers: 4
 Periodic GC: Disabled
Heap:
 garbage-first heap   total 40960K, used 24952K [0x00000000c2000000, 0x0000000100000000)
  region size 1024K, 15 young (15360K), 3 survivors (3072K)
 Metaspace       used 27911K, committed 28352K, reserved 1114112K
  class space    used 3697K, committed 3904K, reserved 1048576K
GC Heap History (12 events):
Event: 0.782 GC heap before
{Heap before GC invocations=0 (full 0):
 garbage-first heap   total 63488K, used 12288K [0x00000000c2000000, 0x0000000100000000)
  region size 1024K, 13 young (13312K), 0 survivors (0K)
 Metaspace       used 3369K, committed 3456K, reserved 1114112K
  class space    used 407K, committed 448K, reserved 1048576K
}
Event: 0.792 GC heap after
{Heap after GC invocations=1 (full 0):
 garbage-first heap   total 63488K, used 4000K [0x00000000c2000000, 0x0000000100000000)
  region size 1024K, 2 young (2048K), 2 survivors (2048K)
 Metaspace       used 3369K, committed 3456K, reserved 1114112K
  class space    used 407K, committed 448K, reserved 1048576K
}
Event: 1.508 GC heap before
{Heap before GC invocations=1 (full 0):
 garbage-first heap   total 63488K, used 17312K [0x00000000c2000000, 0x0000000100000000)
  region size 1024K, 16 young (16384K), 2 survivors (2048K)
 Metaspace       used 6575K, committed 6720K, reserved 1114112K
  class space    used 900K, committed 960K, reserved 1048576K
}
Event: 1.513 GC heap after
{Heap after GC invocations=2 (full 0):
 garbage-first heap   total 63488K, used 5307K [0x00000000c2000000, 0x0000000100000000)
  region size 1024K, 2 young (2048K), 2 survivors (2048K)
 Metaspace       used 6575K, committed 6720K, reserved 1114112K
  class space    used 900K, committed 960K, reserved 1048576K
}
Event: 2.810 GC heap before
{Heap before GC invocations=2 (full 0):
 garbage-first heap   total 63488K, used 40123K [0x00000000c2000000, 0x0000000100000000)
  region size 1024K, 37 young (37888K), 2 survivors (2048K)
 Metaspace       used 14416K, committed 14656K, reserved 1114112K
  class space    used 1907K, committed 2048K, reserved 1048576K
}
Event: 2.821 GC heap after
{Heap after GC invocations=3 (full 0):
 garbage-first heap   total 63488K, used 7561K [0x00000000c2000000, 0x0000000100000000)
  region size 1024K, 4 young (4096K), 4 survivors (4096K)
 Metaspace       used 14416K, committed 14656K, reserved 1114112K
  class space    used 1907K, committed 2048K, reserved 1048576K
}
Event: 4.105 GC heap before
{Heap before GC invocations=3 (full 0):
 garbage-first heap   total 63488K, used 41353K [0x00000000c2000000, 0x0000000100000000)
  region size 1024K, 37 young (37888K), 4 survivors (4096K)
 Metaspace       used 20507K, committed 20800K, reserved 1114112K
  class space    used 2753K, committed 2880K, reserved 1048576K
}
Event: 4.115 GC heap after
{Heap after GC invocations=4 (full 0):
 garbage-first heap   total 63488K, used 10349K [0x00000000c2000000, 0x0000000100000000)
  region size 1024K, 5 young (5120K), 5 survivors (5120K)
 Metaspace       used 20507K, committed 20800K, reserved 1114112K
  class space    used 2753K, committed 2880K, reserved 1048576K
}
Event: 4.235 GC heap before
{Heap before GC invocations=4 (full 0):
 garbage-first heap   total 63488K, used 13421K [0x00000000c2000000, 0x0000000100000000)
  region size 1024K, 9 young (9216K), 5 survivors (5120K)
 Metaspace       used 21121K, committed 21504K, reserved 1114112K
  class space    used 2830K, committed 3008K, reserved 1048576K
}
Event: 4.246 GC heap after
{Heap after GC invocations=5 (full 0):
 garbage-first heap   total 63488K, used 11264K [0x00000000c2000000, 0x0000000100000000)
  region size 1024K, 1 young (1024K), 1 survivors (1024K)
 Metaspace       used 21121K, committed 21504K, reserved 1114112K
  class space    used 2830K, committed 3008K, reserved 1048576K
}
Event: 5.153 GC heap before
{Heap before GC invocations=6 (full 0):
 garbage-first heap   total 40960K, used 34816K [0x00000000c2000000, 0x0000000100000000)
  region size 1024K, 24 young (24576K), 1 survivors (1024K)
 Metaspace       used 24963K, committed 25408K, reserved 1114112K
  class space    used 3342K, committed 3520K, reserved 1048576K
}
Event: 5.160 GC heap after
{Heap after GC invocations=7 (full 0):
 garbage-first heap   total 40960K, used 13688K [0x00000000c2000000, 0x0000000100000000)
  region size 1024K, 3 young (3072K), 3 survivors (3072K)
 Metaspace       used 24963K, committed 25408K, reserved 1114112K
  class space    used 3342K, committed 3520K, reserved 1048576K
}

