# JRE version: OpenJDK Runtime Environment Temurin-17.0.7+7 (17.0.7+7) (build 17.0.7+7)
# Java VM: OpenJDK 64-Bit Server VM Temurin-17.0.7+7 (17.0.7+7, mixed mode, emulated-client, tiered, compressed oops, compressed class ptrs, g1 gc, windows-amd64)
GC Precious Log:
 CPUs: 4 total, 4 available
 Memory: 3961M
 Large Page Support: Disabled
 NUMA Support: Disabled
 Compressed Oops: Enabled (32-bit)
 Heap Region Size: 1M
 Heap Min Capacity: 8M
 Heap Initial Capacity: 62M
 Heap Max Capacity: 1G
 Pre-touch: Disabled
 Parallel Workers: 4
 Concurrent Workers: 1
 Concurrent Refinement Workers: 4
 Periodic GC: Disabled
Heap:
 garbage-first heap   total 48128K, used 14181K [0x00000000c0000000, 0x0000000100000000)
  region size 1024K, 1 young (1024K), 0 survivors (0K)
 Metaspace       used 34507K, committed 35008K, reserved 1114112K
  class space    used 4483K, committed 4672K, reserved 1048576K
GC Heap History (20 events):
Event: 1122.173 GC heap before
{Heap before GC invocations=101 (full 92):
 garbage-first heap   total 48128K, used 14181K [0x00000000c0000000, 0x0000000100000000)
  region size 1024K, 1 young (1024K), 0 survivors (0K)
 Metaspace       used 34507K, committed 35008K, reserved 1114112K
  class space    used 4483K, committed 4672K, reserved 1048576K
}
Event: 1122.210 GC heap after
{Heap after GC invocations=102 (full 93):
 garbage-first heap   total 48128K, used 14181K [0x00000000c0000000, 0x0000000100000000)
  region size 1024K, 0 young (0K), 0 survivors (0K)
 Metaspace       used 34507K, committed 35008K, reserved 1114112K
  class space    used 4483K, committed 4672K, reserved 1048576K
}
Event: 1132.768 GC heap before
{Heap before GC invocations=102 (full 93):
 garbage-first heap   total 48128K, used 14181K [0x00000000c0000000, 0x0000000100000000)
  region size 1024K, 1 young (1024K), 0 survivors (0K)
 Metaspace       used 34507K, committed 35008K, reserved 1114112K
  class space    used 4483K, committed 4672K, reserved 1048576K
}
Event: 1132.805 GC heap after
{Heap after GC invocations=103 (full 94):
 garbage-first heap   total 48128K, used 14181K [0x00000000c0000000, 0x0000000100000000)
  region size 1024K, 0 young (0K), 0 survivors (0K)
 Metaspace       used 34507K, committed 35008K, reserved 1114112K
  class space    used 4483K, committed 4672K, reserved 1048576K
}
Event: 1143.813 GC heap before
{Heap before GC invocations=103 (full 94):
 garbage-first heap   total 48128K, used 14181K [0x00000000c0000000, 0x0000000100000000)
  region size 1024K, 1 young (1024K), 0 survivors (0K)
 Metaspace       used 34507K, committed 35008K, reserved 1114112K
  class space    used 4483K, committed 4672K, reserved 1048576K
}
Event: 1143.850 GC heap after
{Heap after GC invocations=104 (full 95):
 garbage-first heap   total 48128K, used 14181K [0x00000000c0000000, 0x0000000100000000)
  region size 1024K, 0 young (0K), 0 survivors (0K)
 Metaspace       used 34507K, committed 35008K, reserved 1114112K
  class space    used 4483K, committed 4672K, reserved 1048576K
}
Event: 1155.177 GC heap before
{Heap before GC invocations=104 (full 95):
 garbage-first heap   total 48128K, used 14181K [0x00000000c0000000, 0x0000000100000000)
  region size 1024K, 1 young (1024K), 0 survivors (0K)
 Metaspace       used 34507K, committed 35008K, reserved 1114112K
  class space    used 4483K, committed 4672K, reserved 1048576K
}
Event: 1155.217 GC heap after
{Heap after GC invocations=105 (full 96):
 garbage-first heap   total 48128K, used 14181K [0x00000000c0000000, 0x0000000100000000)
  region size 1024K, 0 young (0K), 0 survivors (0K)
 Metaspace       used 34507K, committed 35008K, reserved 1114112K
  class space    used 4483K, committed 4672K, reserved 1048576K
}
Event: 1166.652 GC heap before
{Heap before GC invocations=105 (full 96):
 garbage-first heap   total 48128K, used 14181K [0x00000000c0000000, 0x0000000100000000)
  region size 1024K, 1 young (1024K), 0 survivors (0K)
 Metaspace       used 34507K, committed 35008K, reserved 1114112K
  class space    used 4483K, committed 4672K, reserved 1048576K
}
Event: 1166.690 GC heap after
{Heap after GC invocations=106 (full 97):
 garbage-first heap   total 48128K, used 14181K [0x00000000c0000000, 0x0000000100000000)
  region size 1024K, 0 young (0K), 0 survivors (0K)
 Metaspace       used 34507K, committed 35008K, reserved 1114112K
  class space    used 4483K, committed 4672K, reserved 1048576K
}
Event: 1177.374 GC heap before
{Heap before GC invocations=106 (full 97):
 garbage-first heap   total 48128K, used 14181K [0x00000000c0000000, 0x0000000100000000)
  region size 1024K, 1 young (1024K), 0 survivors (0K)
 Metaspace       used 34507K, committed 35008K, reserved 1114112K
  class space    used 4483K, committed 4672K, reserved 1048576K
}
Event: 1177.420 GC heap after
{Heap after GC invocations=107 (full 98):
 garbage-first heap   total 48128K, used 14181K [0x00000000c0000000, 0x0000000100000000)
  region size 1024K, 0 young (0K), 0 survivors (0K)
 Metaspace       used 34507K, committed 35008K, reserved 1114112K
  class space    used 4483K, committed 4672K, reserved 1048576K
}
Event: 1188.067 GC heap before
{Heap before GC invocations=107 (full 98):
 garbage-first heap   total 48128K, used 14181K [0x00000000c0000000, 0x0000000100000000)
  region size 1024K, 1 young (1024K), 0 survivors (0K)
 Metaspace       used 34507K, committed 35008K, reserved 1114112K
  class space    used 4483K, committed 4672K, reserved 1048576K
}
Event: 1188.111 GC heap after
{Heap after GC invocations=108 (full 99):
 garbage-first heap   total 48128K, used 14181K [0x00000000c0000000, 0x0000000100000000)
  region size 1024K, 0 young (0K), 0 survivors (0K)
 Metaspace       used 34507K, committed 35008K, reserved 1114112K
  class space    used 4483K, committed 4672K, reserved 1048576K
}
Event: 1200.667 GC heap before
{Heap before GC invocations=108 (full 99):
 garbage-first heap   total 48128K, used 14181K [0x00000000c0000000, 0x0000000100000000)
  region size 1024K, 1 young (1024K), 0 survivors (0K)
 Metaspace       used 34507K, committed 35008K, reserved 1114112K
  class space    used 4483K, committed 4672K, reserved 1048576K
}
Event: 1200.707 GC heap after
{Heap after GC invocations=109 (full 100):
 garbage-first heap   total 48128K, used 14181K [0x00000000c0000000, 0x0000000100000000)
  region size 1024K, 0 young (0K), 0 survivors (0K)
 Metaspace       used 34507K, committed 35008K, reserved 1114112K
  class space    used 4483K, committed 4672K, reserved 1048576K
}
Event: 1211.250 GC heap before
{Heap before GC invocations=109 (full 100):
 garbage-first heap   total 48128K, used 14181K [0x00000000c0000000, 0x0000000100000000)
  region size 1024K, 1 young (1024K), 0 survivors (0K)
 Metaspace       used 34507K, committed 35008K, reserved 1114112K
  class space    used 4483K, committed 4672K, reserved 1048576K
}
Event: 1211.288 GC heap after
{Heap after GC invocations=110 (full 101):
 garbage-first heap   total 48128K, used 14181K [0x00000000c0000000, 0x0000000100000000)
  region size 1024K, 0 young (0K), 0 survivors (0K)
 Metaspace       used 34507K, committed 35008K, reserved 1114112K
  class space    used 4483K, committed 4672K, reserved 1048576K
}
Event: 1221.867 GC heap before
{Heap before GC invocations=110 (full 101):
 garbage-first heap   total 48128K, used 14181K [0x00000000c0000000, 0x0000000100000000)
  region size 1024K, 1 young (1024K), 0 survivors (0K)
 Metaspace       used 34507K, committed 35008K, reserved 1114112K
  class space    used 4483K, committed 4672K, reserved 1048576K
}
Event: 1221.904 GC heap after
{Heap after GC invocations=111 (full 102):
 garbage-first heap   total 48128K, used 14181K [0x00000000c0000000, 0x0000000100000000)
  region size 1024K, 0 young (0K), 0 survivors (0K)
 Metaspace       used 34507K, committed 35008K, reserved 1114112K
  class space    used 4483K, committed 4672K, reserved 1048576K
}

