# JRE version: OpenJDK Runtime Environment Temurin-17.0.7+7 (17.0.7+7) (build 17.0.7+7)
# Java VM: OpenJDK 64-Bit Server VM Temurin-17.0.7+7 (17.0.7+7, mixed mode, emulated-client, tiered, compressed oops, compressed class ptrs, g1 gc, windows-amd64)
GC Precious Log:
 CPUs: 4 total, 4 available
 Memory: 3961M
 Large Page Support: Disabled
 NUMA Support: Disabled
 Compressed Oops: Enabled (32-bit)
 Heap Region Size: 1M
 Heap Min Capacity: 8M
 Heap Initial Capacity: 62M
 Heap Max Capacity: 1G
 Pre-touch: Disabled
 Parallel Workers: 4
 Concurrent Workers: 1
 Concurrent Refinement Workers: 4
 Periodic GC: Disabled
Heap:
 garbage-first heap   total 219136K, used 86782K [0x00000000c0000000, 0x0000000100000000)
  region size 1024K, 7 young (7168K), 7 survivors (7168K)
 Metaspace       used 45968K, committed 46336K, reserved 1114112K
  class space    used 5968K, committed 6144K, reserved 1048576K
GC Heap History (20 events):
Event: 39.438 GC heap after
{Heap after GC invocations=22 (full 0):
 garbage-first heap   total 102400K, used 32073K [0x00000000c0000000, 0x0000000100000000)
  region size 1024K, 1 young (1024K), 1 survivors (1024K)
 Metaspace       used 38745K, committed 39232K, reserved 1114112K
  class space    used 4961K, committed 5184K, reserved 1048576K
}
Event: 39.872 GC heap before
{Heap before GC invocations=22 (full 0):
 garbage-first heap   total 102400K, used 70985K [0x00000000c0000000, 0x0000000100000000)
  region size 1024K, 39 young (39936K), 1 survivors (1024K)
 Metaspace       used 39326K, committed 39680K, reserved 1114112K
  class space    used 5027K, committed 5184K, reserved 1048576K
}
Event: 39.884 GC heap after
{Heap after GC invocations=23 (full 0):
 garbage-first heap   total 102400K, used 37969K [0x00000000c0000000, 0x0000000100000000)
  region size 1024K, 5 young (5120K), 5 survivors (5120K)
 Metaspace       used 39326K, committed 39680K, reserved 1114112K
  class space    used 5027K, committed 5184K, reserved 1048576K
}
Event: 40.128 GC heap before
{Heap before GC invocations=23 (full 0):
 garbage-first heap   total 102400K, used 71761K [0x00000000c0000000, 0x0000000100000000)
  region size 1024K, 38 young (38912K), 5 survivors (5120K)
 Metaspace       used 39353K, committed 39680K, reserved 1114112K
  class space    used 5032K, committed 5184K, reserved 1048576K
}
Event: 40.147 GC heap after
{Heap after GC invocations=24 (full 0):
 garbage-first heap   total 102400K, used 44556K [0x00000000c0000000, 0x0000000100000000)
  region size 1024K, 5 young (5120K), 5 survivors (5120K)
 Metaspace       used 39353K, committed 39680K, reserved 1114112K
  class space    used 5032K, committed 5184K, reserved 1048576K
}
Event: 42.950 GC heap before
{Heap before GC invocations=24 (full 0):
 garbage-first heap   total 102400K, used 74252K [0x00000000c0000000, 0x0000000100000000)
  region size 1024K, 35 young (35840K), 5 survivors (5120K)
 Metaspace       used 41431K, committed 41856K, reserved 1114112K
  class space    used 5341K, committed 5504K, reserved 1048576K
}
Event: 42.970 GC heap after
{Heap after GC invocations=25 (full 0):
 garbage-first heap   total 102400K, used 55250K [0x00000000c0000000, 0x0000000100000000)
  region size 1024K, 5 young (5120K), 5 survivors (5120K)
 Metaspace       used 41431K, committed 41856K, reserved 1114112K
  class space    used 5341K, committed 5504K, reserved 1048576K
}
Event: 44.012 GC heap before
{Heap before GC invocations=25 (full 0):
 garbage-first heap   total 102400K, used 69586K [0x00000000c0000000, 0x0000000100000000)
  region size 1024K, 21 young (21504K), 5 survivors (5120K)
 Metaspace       used 43944K, committed 44352K, reserved 1114112K
  class space    used 5703K, committed 5888K, reserved 1048576K
}
Event: 44.028 GC heap after
{Heap after GC invocations=26 (full 0):
 garbage-first heap   total 102400K, used 60087K [0x00000000c0000000, 0x0000000100000000)
  region size 1024K, 4 young (4096K), 4 survivors (4096K)
 Metaspace       used 43944K, committed 44352K, reserved 1114112K
  class space    used 5703K, committed 5888K, reserved 1048576K
}
Event: 45.383 GC heap before
{Heap before GC invocations=27 (full 0):
 garbage-first heap   total 109568K, used 79543K [0x00000000c0000000, 0x0000000100000000)
  region size 1024K, 22 young (22528K), 4 survivors (4096K)
 Metaspace       used 44955K, committed 45376K, reserved 1114112K
  class space    used 5830K, committed 6016K, reserved 1048576K
}
Event: 45.400 GC heap after
{Heap after GC invocations=28 (full 0):
 garbage-first heap   total 109568K, used 68492K [0x00000000c0000000, 0x0000000100000000)
  region size 1024K, 3 young (3072K), 3 survivors (3072K)
 Metaspace       used 44955K, committed 45376K, reserved 1114112K
  class space    used 5830K, committed 6016K, reserved 1048576K
}
Event: 45.429 GC heap before
{Heap before GC invocations=28 (full 0):
 garbage-first heap   total 109568K, used 70540K [0x00000000c0000000, 0x0000000100000000)
  region size 1024K, 5 young (5120K), 3 survivors (3072K)
 Metaspace       used 45045K, committed 45440K, reserved 1114112K
  class space    used 5848K, committed 6016K, reserved 1048576K
}
Event: 45.444 GC heap after
{Heap after GC invocations=29 (full 0):
 garbage-first heap   total 219136K, used 70990K [0x00000000c0000000, 0x0000000100000000)
  region size 1024K, 1 young (1024K), 1 survivors (1024K)
 Metaspace       used 45045K, committed 45440K, reserved 1114112K
  class space    used 5848K, committed 6016K, reserved 1048576K
}
Event: 46.177 GC heap before
{Heap before GC invocations=29 (full 0):
 garbage-first heap   total 219136K, used 139597K [0x00000000c0000000, 0x0000000100000000)
  region size 1024K, 69 young (70656K), 1 survivors (1024K)
 Metaspace       used 45502K, committed 45952K, reserved 1114112K
  class space    used 5899K, committed 6144K, reserved 1048576K
}
Event: 46.205 GC heap after
{Heap after GC invocations=30 (full 0):
 garbage-first heap   total 219136K, used 77529K [0x00000000c0000000, 0x0000000100000000)
  region size 1024K, 8 young (8192K), 8 survivors (8192K)
 Metaspace       used 45502K, committed 45952K, reserved 1114112K
  class space    used 5899K, committed 6144K, reserved 1048576K
}
Event: 46.577 GC heap before
{Heap before GC invocations=30 (full 0):
 garbage-first heap   total 219136K, used 147161K [0x00000000c0000000, 0x0000000100000000)
  region size 1024K, 77 young (78848K), 8 survivors (8192K)
 Metaspace       used 45711K, committed 46144K, reserved 1114112K
  class space    used 5929K, committed 6144K, reserved 1048576K
}
Event: 46.618 GC heap after
{Heap after GC invocations=31 (full 0):
 garbage-first heap   total 219136K, used 80780K [0x00000000c0000000, 0x0000000100000000)
  region size 1024K, 4 young (4096K), 4 survivors (4096K)
 Metaspace       used 45711K, committed 46144K, reserved 1114112K
  class space    used 5929K, committed 6144K, reserved 1048576K
}
Event: 47.150 GC heap before
{Heap before GC invocations=31 (full 0):
 garbage-first heap   total 219136K, used 157580K [0x00000000c0000000, 0x0000000100000000)
  region size 1024K, 80 young (81920K), 4 survivors (4096K)
 Metaspace       used 45805K, committed 46208K, reserved 1114112K
  class space    used 5939K, committed 6144K, reserved 1048576K
}
Event: 47.173 GC heap after
{Heap after GC invocations=32 (full 0):
 garbage-first heap   total 219136K, used 83560K [0x00000000c0000000, 0x0000000100000000)
  region size 1024K, 6 young (6144K), 6 survivors (6144K)
 Metaspace       used 45805K, committed 46208K, reserved 1114112K
  class space    used 5939K, committed 6144K, reserved 1048576K
}
Event: 47.735 GC heap before
{Heap before GC invocations=32 (full 0):
 garbage-first heap   total 219136K, used 164456K [0x00000000c0000000, 0x0000000100000000)
  region size 1024K, 86 young (88064K), 6 survivors (6144K)
 Metaspace       used 45968K, committed 46336K, reserved 1114112K
  class space    used 5968K, committed 6144K, reserved 1048576K
}

