# JRE version: OpenJDK Runtime Environment Temurin-17.0.7+7 (17.0.7+7) (build 17.0.7+7)
# Java VM: OpenJDK 64-Bit Server VM Temurin-17.0.7+7 (17.0.7+7, mixed mode, emulated-client, tiered, compressed oops, compressed class ptrs, g1 gc, windows-amd64)
GC Precious Log:
 CPUs: 4 total, 4 available
 Memory: 3961M
 Large Page Support: Disabled
 NUMA Support: Disabled
 Compressed Oops: Enabled (32-bit)
 Heap Region Size: 1M
 Heap Min Capacity: 8M
 Heap Initial Capacity: 62M
 Heap Max Capacity: 1G
 Pre-touch: Disabled
 Parallel Workers: 4
 Concurrent Workers: 1
 Concurrent Refinement Workers: 4
 Periodic GC: Disabled
Heap:
 garbage-first heap   total 48128K, used 32770K [0x00000000c0000000, 0x0000000100000000)
  region size 1024K, 18 young (18432K), 2 survivors (2048K)
 Metaspace       used 34451K, committed 34752K, reserved 1114112K
  class space    used 4479K, committed 4608K, reserved 1048576K
GC Heap History (16 events):
Event: 3.415 GC heap before
{Heap before GC invocations=0 (full 0):
 garbage-first heap   total 63488K, used 12288K [0x00000000c0000000, 0x0000000100000000)
  region size 1024K, 13 young (13312K), 0 survivors (0K)
 Metaspace       used 6690K, committed 6784K, reserved 1114112K
  class space    used 682K, committed 704K, reserved 1048576K
}
Event: 3.508 GC heap after
{Heap after GC invocations=1 (full 0):
 garbage-first heap   total 63488K, used 6978K [0x00000000c0000000, 0x0000000100000000)
  region size 1024K, 2 young (2048K), 2 survivors (2048K)
 Metaspace       used 6690K, committed 6784K, reserved 1114112K
  class space    used 682K, committed 704K, reserved 1048576K
}
Event: 4.457 GC heap before
{Heap before GC invocations=1 (full 0):
 garbage-first heap   total 63488K, used 16194K [0x00000000c0000000, 0x0000000100000000)
  region size 1024K, 11 young (11264K), 2 survivors (2048K)
 Metaspace       used 9302K, committed 9408K, reserved 1114112K
  class space    used 1117K, committed 1152K, reserved 1048576K
}
Event: 4.467 GC heap after
{Heap after GC invocations=2 (full 0):
 garbage-first heap   total 63488K, used 7635K [0x00000000c0000000, 0x0000000100000000)
  region size 1024K, 1 young (1024K), 1 survivors (1024K)
 Metaspace       used 9302K, committed 9408K, reserved 1114112K
  class space    used 1117K, committed 1152K, reserved 1048576K
}
Event: 6.346 GC heap before
{Heap before GC invocations=2 (full 0):
 garbage-first heap   total 63488K, used 27091K [0x00000000c0000000, 0x0000000100000000)
  region size 1024K, 20 young (20480K), 1 survivors (1024K)
 Metaspace       used 15300K, committed 15488K, reserved 1114112K
  class space    used 1897K, committed 1984K, reserved 1048576K
}
Event: 6.356 GC heap after
{Heap after GC invocations=3 (full 0):
 garbage-first heap   total 63488K, used 9673K [0x00000000c0000000, 0x0000000100000000)
  region size 1024K, 3 young (3072K), 3 survivors (3072K)
 Metaspace       used 15300K, committed 15488K, reserved 1114112K
  class space    used 1897K, committed 1984K, reserved 1048576K
}
Event: 7.092 GC heap before
{Heap before GC invocations=3 (full 0):
 garbage-first heap   total 63488K, used 31177K [0x00000000c0000000, 0x0000000100000000)
  region size 1024K, 25 young (25600K), 3 survivors (3072K)
 Metaspace       used 20222K, committed 20480K, reserved 1114112K
  class space    used 2503K, committed 2624K, reserved 1048576K
}
Event: 7.100 GC heap after
{Heap after GC invocations=4 (full 0):
 garbage-first heap   total 63488K, used 11977K [0x00000000c0000000, 0x0000000100000000)
  region size 1024K, 3 young (3072K), 3 survivors (3072K)
 Metaspace       used 20222K, committed 20480K, reserved 1114112K
  class space    used 2503K, committed 2624K, reserved 1048576K
}
Event: 7.225 GC heap before
{Heap before GC invocations=4 (full 0):
 garbage-first heap   total 63488K, used 16073K [0x00000000c0000000, 0x0000000100000000)
  region size 1024K, 8 young (8192K), 3 survivors (3072K)
 Metaspace       used 21349K, committed 21504K, reserved 1114112K
  class space    used 2628K, committed 2688K, reserved 1048576K
}
Event: 7.231 GC heap after
{Heap after GC invocations=5 (full 0):
 garbage-first heap   total 63488K, used 12216K [0x00000000c0000000, 0x0000000100000000)
  region size 1024K, 1 young (1024K), 1 survivors (1024K)
 Metaspace       used 21349K, committed 21504K, reserved 1114112K
  class space    used 2628K, committed 2688K, reserved 1048576K
}
Event: 8.337 GC heap before
{Heap before GC invocations=6 (full 0):
 garbage-first heap   total 48128K, used 36792K [0x00000000c0000000, 0x0000000100000000)
  region size 1024K, 27 young (27648K), 1 survivors (1024K)
 Metaspace       used 25475K, committed 25728K, reserved 1114112K
  class space    used 3174K, committed 3328K, reserved 1048576K
}
Event: 8.344 GC heap after
{Heap after GC invocations=7 (full 0):
 garbage-first heap   total 48128K, used 13786K [0x00000000c0000000, 0x0000000100000000)
  region size 1024K, 2 young (2048K), 2 survivors (2048K)
 Metaspace       used 25475K, committed 25728K, reserved 1114112K
  class space    used 3174K, committed 3328K, reserved 1048576K
}
Event: 9.696 GC heap before
{Heap before GC invocations=7 (full 0):
 garbage-first heap   total 48128K, used 32218K [0x00000000c0000000, 0x0000000100000000)
  region size 1024K, 21 young (21504K), 2 survivors (2048K)
 Metaspace       used 28898K, committed 29248K, reserved 1114112K
  class space    used 3675K, committed 3840K, reserved 1048576K
}
Event: 9.710 GC heap after
{Heap after GC invocations=8 (full 0):
 garbage-first heap   total 48128K, used 16632K [0x00000000c0000000, 0x0000000100000000)
  region size 1024K, 3 young (3072K), 3 survivors (3072K)
 Metaspace       used 28898K, committed 29248K, reserved 1114112K
  class space    used 3675K, committed 3840K, reserved 1048576K
}
Event: 11.002 GC heap before
{Heap before GC invocations=8 (full 0):
 garbage-first heap   total 48128K, used 31992K [0x00000000c0000000, 0x0000000100000000)
  region size 1024K, 19 young (19456K), 3 survivors (3072K)
 Metaspace       used 31659K, committed 32000K, reserved 1114112K
  class space    used 4043K, committed 4160K, reserved 1048576K
}
Event: 11.015 GC heap after
{Heap after GC invocations=9 (full 0):
 garbage-first heap   total 48128K, used 17410K [0x00000000c0000000, 0x0000000100000000)
  region size 1024K, 2 young (2048K), 2 survivors (2048K)
 Metaspace       used 31659K, committed 32000K, reserved 1114112K
  class space    used 4043K, committed 4160K, reserved 1048576K
}

