# JRE version: OpenJDK Runtime Environment Temurin-17.0.7+7 (17.0.7+7) (build 17.0.7+7)
# Java VM: OpenJDK 64-Bit Server VM Temurin-17.0.7+7 (17.0.7+7, mixed mode, emulated-client, tiered, compressed oops, compressed class ptrs, g1 gc, windows-amd64)
GC Precious Log:
 CPUs: 4 total, 4 available
 Memory: 3961M
 Large Page Support: Disabled
 NUMA Support: Disabled
 Compressed Oops: Enabled (32-bit)
 Heap Region Size: 1M
 Heap Min Capacity: 8M
 Heap Initial Capacity: 62M
 Heap Max Capacity: 1G
 Pre-touch: Disabled
 Parallel Workers: 4
 Concurrent Workers: 1
 Concurrent Refinement Workers: 4
 Periodic GC: Disabled
Heap:
 garbage-first heap   total 300032K, used 242337K [0x00000000c0000000, 0x0000000100000000)
  region size 1024K, 89 young (91136K), 5 survivors (5120K)
 Metaspace       used 52688K, committed 53120K, reserved 1114112K
  class space    used 6648K, committed 6848K, reserved 1048576K
GC Heap History (20 events):
Event: 28.702 GC heap before
{Heap before GC invocations=39 (full 0):
 garbage-first heap   total 268288K, used 222495K [0x00000000c0000000, 0x0000000100000000)
  region size 1024K, 119 young (121856K), 11 survivors (11264K)
 Metaspace       used 51386K, committed 51840K, reserved 1114112K
  class space    used 6461K, committed 6656K, reserved 1048576K
}
Event: 28.715 GC heap after
{Heap after GC invocations=40 (full 0):
 garbage-first heap   total 268288K, used 117703K [0x00000000c0000000, 0x0000000100000000)
  region size 1024K, 11 young (11264K), 11 survivors (11264K)
 Metaspace       used 51386K, committed 51840K, reserved 1114112K
  class space    used 6461K, committed 6656K, reserved 1048576K
}
Event: 29.053 GC heap before
{Heap before GC invocations=40 (full 0):
 garbage-first heap   total 268288K, used 224199K [0x00000000c0000000, 0x0000000100000000)
  region size 1024K, 116 young (118784K), 11 survivors (11264K)
 Metaspace       used 51478K, committed 51840K, reserved 1114112K
  class space    used 6475K, committed 6656K, reserved 1048576K
}
Event: 29.067 GC heap after
{Heap after GC invocations=41 (full 0):
 garbage-first heap   total 268288K, used 121676K [0x00000000c0000000, 0x0000000100000000)
  region size 1024K, 9 young (9216K), 9 survivors (9216K)
 Metaspace       used 51478K, committed 51840K, reserved 1114112K
  class space    used 6475K, committed 6656K, reserved 1048576K
}
Event: 29.373 GC heap before
{Heap before GC invocations=41 (full 0):
 garbage-first heap   total 268288K, used 226124K [0x00000000c0000000, 0x0000000100000000)
  region size 1024K, 112 young (114688K), 9 survivors (9216K)
 Metaspace       used 51796K, committed 52224K, reserved 1114112K
  class space    used 6522K, committed 6720K, reserved 1048576K
}
Event: 29.386 GC heap after
{Heap after GC invocations=42 (full 0):
 garbage-first heap   total 268288K, used 126861K [0x00000000c0000000, 0x0000000100000000)
  region size 1024K, 10 young (10240K), 10 survivors (10240K)
 Metaspace       used 51796K, committed 52224K, reserved 1114112K
  class space    used 6522K, committed 6720K, reserved 1048576K
}
Event: 29.816 GC heap before
{Heap before GC invocations=42 (full 0):
 garbage-first heap   total 268288K, used 225165K [0x00000000c0000000, 0x0000000100000000)
  region size 1024K, 107 young (109568K), 10 survivors (10240K)
 Metaspace       used 52542K, committed 52992K, reserved 1114112K
  class space    used 6636K, committed 6848K, reserved 1048576K
}
Event: 29.830 GC heap after
{Heap after GC invocations=43 (full 0):
 garbage-first heap   total 268288K, used 131360K [0x00000000c0000000, 0x0000000100000000)
  region size 1024K, 10 young (10240K), 10 survivors (10240K)
 Metaspace       used 52542K, committed 52992K, reserved 1114112K
  class space    used 6636K, committed 6848K, reserved 1048576K
}
Event: 30.279 GC heap before
{Heap before GC invocations=43 (full 0):
 garbage-first heap   total 268288K, used 226592K [0x00000000c0000000, 0x0000000100000000)
  region size 1024K, 104 young (106496K), 10 survivors (10240K)
 Metaspace       used 52550K, committed 52992K, reserved 1114112K
  class space    used 6638K, committed 6848K, reserved 1048576K
}
Event: 30.299 GC heap after
{Heap after GC invocations=44 (full 0):
 garbage-first heap   total 268288K, used 137013K [0x00000000c0000000, 0x0000000100000000)
  region size 1024K, 10 young (10240K), 10 survivors (10240K)
 Metaspace       used 52550K, committed 52992K, reserved 1114112K
  class space    used 6638K, committed 6848K, reserved 1048576K
}
Event: 30.496 GC heap before
{Heap before GC invocations=44 (full 0):
 garbage-first heap   total 268288K, used 227125K [0x00000000c0000000, 0x0000000100000000)
  region size 1024K, 99 young (101376K), 10 survivors (10240K)
 Metaspace       used 52550K, committed 52992K, reserved 1114112K
  class space    used 6638K, committed 6848K, reserved 1048576K
}
Event: 30.511 GC heap after
{Heap after GC invocations=45 (full 0):
 garbage-first heap   total 300032K, used 144820K [0x00000000c0000000, 0x0000000100000000)
  region size 1024K, 13 young (13312K), 13 survivors (13312K)
 Metaspace       used 52550K, committed 52992K, reserved 1114112K
  class space    used 6638K, committed 6848K, reserved 1048576K
}
Event: 31.125 GC heap before
{Heap before GC invocations=45 (full 0):
 garbage-first heap   total 300032K, used 251316K [0x00000000c0000000, 0x0000000100000000)
  region size 1024K, 118 young (120832K), 13 survivors (13312K)
 Metaspace       used 52550K, committed 52992K, reserved 1114112K
  class space    used 6638K, committed 6848K, reserved 1048576K
}
Event: 31.275 GC heap after
{Heap after GC invocations=46 (full 0):
 garbage-first heap   total 300032K, used 151552K [0x00000000c0000000, 0x0000000100000000)
  region size 1024K, 7 young (7168K), 7 survivors (7168K)
 Metaspace       used 52550K, committed 52992K, reserved 1114112K
  class space    used 6638K, committed 6848K, reserved 1048576K
}
Event: 32.769 GC heap before
{Heap before GC invocations=47 (full 0):
 garbage-first heap   total 300032K, used 250880K [0x00000000c0000000, 0x0000000100000000)
  region size 1024K, 106 young (108544K), 7 survivors (7168K)
 Metaspace       used 52688K, committed 53120K, reserved 1114112K
  class space    used 6648K, committed 6848K, reserved 1048576K
}
Event: 32.786 GC heap after
{Heap after GC invocations=48 (full 0):
 garbage-first heap   total 300032K, used 155648K [0x00000000c0000000, 0x0000000100000000)
  region size 1024K, 12 young (12288K), 12 survivors (12288K)
 Metaspace       used 52688K, committed 53120K, reserved 1114112K
  class space    used 6648K, committed 6848K, reserved 1048576K
}
Event: 32.793 GC heap before
{Heap before GC invocations=48 (full 0):
 garbage-first heap   total 300032K, used 156672K [0x00000000c0000000, 0x0000000100000000)
  region size 1024K, 14 young (14336K), 12 survivors (12288K)
 Metaspace       used 52688K, committed 53120K, reserved 1114112K
  class space    used 6648K, committed 6848K, reserved 1048576K
}
Event: 32.825 GC heap after
{Heap after GC invocations=49 (full 0):
 garbage-first heap   total 300032K, used 154882K [0x00000000c0000000, 0x0000000100000000)
  region size 1024K, 2 young (2048K), 2 survivors (2048K)
 Metaspace       used 52688K, committed 53120K, reserved 1114112K
  class space    used 6648K, committed 6848K, reserved 1048576K
}
Event: 33.170 GC heap before
{Heap before GC invocations=49 (full 0):
 garbage-first heap   total 300032K, used 252162K [0x00000000c0000000, 0x0000000100000000)
  region size 1024K, 98 young (100352K), 2 survivors (2048K)
 Metaspace       used 52688K, committed 53120K, reserved 1114112K
  class space    used 6648K, committed 6848K, reserved 1048576K
}
Event: 33.181 GC heap after
{Heap after GC invocations=50 (full 0):
 garbage-first heap   total 300032K, used 157345K [0x00000000c0000000, 0x0000000100000000)
  region size 1024K, 5 young (5120K), 5 survivors (5120K)
 Metaspace       used 52688K, committed 53120K, reserved 1114112K
  class space    used 6648K, committed 6848K, reserved 1048576K
}

