# JRE version: OpenJDK Runtime Environment Temurin-17.0.7+7 (17.0.7+7) (build 17.0.7+7)
# Java VM: OpenJDK 64-Bit Server VM Temurin-17.0.7+7 (17.0.7+7, mixed mode, tiered, compressed oops, compressed class ptrs, parallel gc, windows-amd64)
GC Precious Log:
 CPUs: 4 total, 4 available
 Memory: 3961M
 Large Page Support: Disabled
 NUMA Support: Disabled
 Compressed Oops: Enabled (32-bit)
 Alignments: Space 512K, Generation 512K, Heap 2M
 Heap Min Capacity: 100M
 Heap Initial Capacity: 100M
 Heap Max Capacity: 1G
 Pre-touch: Disabled
 Parallel Workers: 4
Heap:
 PSYoungGen      total 16384K, used 3616K [0x00000000eab00000, 0x00000000ec300000, 0x0000000100000000)
  eden space 14848K, 14% used [0x00000000eab00000,0x00000000ead081f8,0x00000000eb980000)
  from space 1536K, 100% used [0x00000000ebd80000,0x00000000ebf00000,0x00000000ebf00000)
  to   space 4096K, 0% used [0x00000000eb980000,0x00000000eb980000,0x00000000ebd80000)
 ParOldGen       total 92160K, used 89549K [0x00000000c0000000, 0x00000000c5a00000, 0x00000000eab00000)
  object space 92160K, 97% used [0x00000000c0000000,0x00000000c5773628,0x00000000c5a00000)
 Metaspace       used 69229K, committed 70464K, reserved 1114112K
  class space    used 7202K, committed 7808K, reserved 1048576K
GC Heap History (20 events):
Event: 37.205 GC heap before
{Heap before GC invocations=44 (full 3):
 PSYoungGen      total 18432K, used 18304K [0x00000000eab00000, 0x00000000ec380000, 0x0000000100000000)
  eden space 16384K, 100% used [0x00000000eab00000,0x00000000ebb00000,0x00000000ebb00000)
  from space 2048K, 93% used [0x00000000ec180000,0x00000000ec360010,0x00000000ec380000)
  to   space 2560K, 0% used [0x00000000ebe80000,0x00000000ebe80000,0x00000000ec100000)
 ParOldGen       total 68608K, used 52276K [0x00000000c0000000, 0x00000000c4300000, 0x00000000eab00000)
  object space 68608K, 76% used [0x00000000c0000000,0x00000000c330d380,0x00000000c4300000)
 Metaspace       used 62648K, committed 63808K, reserved 1114112K
  class space    used 6708K, committed 7232K, reserved 1048576K
}
Event: 37.219 GC heap after
{Heap after GC invocations=44 (full 3):
 PSYoungGen      total 18944K, used 2496K [0x00000000eab00000, 0x00000000ec200000, 0x0000000100000000)
  eden space 16384K, 0% used [0x00000000eab00000,0x00000000eab00000,0x00000000ebb00000)
  from space 2560K, 97% used [0x00000000ebe80000,0x00000000ec0f0010,0x00000000ec100000)
  to   space 1024K, 0% used [0x00000000ec100000,0x00000000ec100000,0x00000000ec200000)
 ParOldGen       total 68608K, used 53964K [0x00000000c0000000, 0x00000000c4300000, 0x00000000eab00000)
  object space 68608K, 78% used [0x00000000c0000000,0x00000000c34b3280,0x00000000c4300000)
 Metaspace       used 62648K, committed 63808K, reserved 1114112K
  class space    used 6708K, committed 7232K, reserved 1048576K
}
Event: 38.562 GC heap before
{Heap before GC invocations=45 (full 3):
 PSYoungGen      total 18944K, used 18880K [0x00000000eab00000, 0x00000000ec200000, 0x0000000100000000)
  eden space 16384K, 100% used [0x00000000eab00000,0x00000000ebb00000,0x00000000ebb00000)
  from space 2560K, 97% used [0x00000000ebe80000,0x00000000ec0f0010,0x00000000ec100000)
  to   space 1024K, 0% used [0x00000000ec100000,0x00000000ec100000,0x00000000ec200000)
 ParOldGen       total 68608K, used 53964K [0x00000000c0000000, 0x00000000c4300000, 0x00000000eab00000)
  object space 68608K, 78% used [0x00000000c0000000,0x00000000c34b3280,0x00000000c4300000)
 Metaspace       used 63215K, committed 64384K, reserved 1114112K
  class space    used 6756K, committed 7296K, reserved 1048576K
}
Event: 38.571 GC heap after
{Heap after GC invocations=45 (full 3):
 PSYoungGen      total 17408K, used 1024K [0x00000000eab00000, 0x00000000ec400000, 0x0000000100000000)
  eden space 16384K, 0% used [0x00000000eab00000,0x00000000eab00000,0x00000000ebb00000)
  from space 1024K, 100% used [0x00000000ec100000,0x00000000ec200000,0x00000000ec200000)
  to   space 4608K, 0% used [0x00000000ebb00000,0x00000000ebb00000,0x00000000ebf80000)
 ParOldGen       total 68608K, used 56920K [0x00000000c0000000, 0x00000000c4300000, 0x00000000eab00000)
  object space 68608K, 82% used [0x00000000c0000000,0x00000000c3796350,0x00000000c4300000)
 Metaspace       used 63215K, committed 64384K, reserved 1114112K
  class space    used 6756K, committed 7296K, reserved 1048576K
}
Event: 40.079 GC heap before
{Heap before GC invocations=46 (full 3):
 PSYoungGen      total 17408K, used 17397K [0x00000000eab00000, 0x00000000ec400000, 0x0000000100000000)
  eden space 16384K, 99% used [0x00000000eab00000,0x00000000ebafd6b0,0x00000000ebb00000)
  from space 1024K, 100% used [0x00000000ec100000,0x00000000ec200000,0x00000000ec200000)
  to   space 4608K, 0% used [0x00000000ebb00000,0x00000000ebb00000,0x00000000ebf80000)
 ParOldGen       total 68608K, used 56920K [0x00000000c0000000, 0x00000000c4300000, 0x00000000eab00000)
  object space 68608K, 82% used [0x00000000c0000000,0x00000000c3796350,0x00000000c4300000)
 Metaspace       used 63448K, committed 64640K, reserved 1114112K
  class space    used 6773K, committed 7296K, reserved 1048576K
}
Event: 40.084 GC heap after
{Heap after GC invocations=46 (full 3):
 PSYoungGen      total 17920K, used 1056K [0x00000000eab00000, 0x00000000ec180000, 0x0000000100000000)
  eden space 16384K, 0% used [0x00000000eab00000,0x00000000eab00000,0x00000000ebb00000)
  from space 1536K, 68% used [0x00000000ebb00000,0x00000000ebc08000,0x00000000ebc80000)
  to   space 2560K, 0% used [0x00000000ebf00000,0x00000000ebf00000,0x00000000ec180000)
 ParOldGen       total 68608K, used 57952K [0x00000000c0000000, 0x00000000c4300000, 0x00000000eab00000)
  object space 68608K, 84% used [0x00000000c0000000,0x00000000c3898360,0x00000000c4300000)
 Metaspace       used 63448K, committed 64640K, reserved 1114112K
  class space    used 6773K, committed 7296K, reserved 1048576K
}
Event: 42.473 GC heap before
{Heap before GC invocations=47 (full 3):
 PSYoungGen      total 17920K, used 17440K [0x00000000eab00000, 0x00000000ec180000, 0x0000000100000000)
  eden space 16384K, 100% used [0x00000000eab00000,0x00000000ebb00000,0x00000000ebb00000)
  from space 1536K, 68% used [0x00000000ebb00000,0x00000000ebc08000,0x00000000ebc80000)
  to   space 2560K, 0% used [0x00000000ebf00000,0x00000000ebf00000,0x00000000ec180000)
 ParOldGen       total 92160K, used 80992K [0x00000000c0000000, 0x00000000c5a00000, 0x00000000eab00000)
  object space 92160K, 87% used [0x00000000c0000000,0x00000000c4f18380,0x00000000c5a00000)
 Metaspace       used 64164K, committed 65344K, reserved 1114112K
  class space    used 6837K, committed 7360K, reserved 1048576K
}
Event: 42.485 GC heap after
{Heap after GC invocations=47 (full 3):
 PSYoungGen      total 17408K, used 641K [0x00000000eab00000, 0x00000000ec000000, 0x0000000100000000)
  eden space 16384K, 0% used [0x00000000eab00000,0x00000000eab00000,0x00000000ebb00000)
  from space 1024K, 62% used [0x00000000ebf00000,0x00000000ebfa0518,0x00000000ec000000)
  to   space 1024K, 0% used [0x00000000ebe00000,0x00000000ebe00000,0x00000000ebf00000)
 ParOldGen       total 92160K, used 81972K [0x00000000c0000000, 0x00000000c5a00000, 0x00000000eab00000)
  object space 92160K, 88% used [0x00000000c0000000,0x00000000c500d0f0,0x00000000c5a00000)
 Metaspace       used 64164K, committed 65344K, reserved 1114112K
  class space    used 6837K, committed 7360K, reserved 1048576K
}
Event: 45.746 GC heap before
{Heap before GC invocations=48 (full 3):
 PSYoungGen      total 17408K, used 17025K [0x00000000eab00000, 0x00000000ec000000, 0x0000000100000000)
  eden space 16384K, 100% used [0x00000000eab00000,0x00000000ebb00000,0x00000000ebb00000)
  from space 1024K, 62% used [0x00000000ebf00000,0x00000000ebfa0518,0x00000000ec000000)
  to   space 1024K, 0% used [0x00000000ebe00000,0x00000000ebe00000,0x00000000ebf00000)
 ParOldGen       total 92160K, used 81972K [0x00000000c0000000, 0x00000000c5a00000, 0x00000000eab00000)
  object space 92160K, 88% used [0x00000000c0000000,0x00000000c500d0f0,0x00000000c5a00000)
 Metaspace       used 65147K, committed 66432K, reserved 1114112K
  class space    used 6906K, committed 7488K, reserved 1048576K
}
Event: 45.754 GC heap after
{Heap after GC invocations=48 (full 3):
 PSYoungGen      total 17408K, used 1005K [0x00000000eab00000, 0x00000000ec200000, 0x0000000100000000)
  eden space 16384K, 0% used [0x00000000eab00000,0x00000000eab00000,0x00000000ebb00000)
  from space 1024K, 98% used [0x00000000ebe00000,0x00000000ebefb6b8,0x00000000ebf00000)
  to   space 3072K, 0% used [0x00000000ebf00000,0x00000000ebf00000,0x00000000ec200000)
 ParOldGen       total 92160K, used 83924K [0x00000000c0000000, 0x00000000c5a00000, 0x00000000eab00000)
  object space 92160K, 91% used [0x00000000c0000000,0x00000000c51f5330,0x00000000c5a00000)
 Metaspace       used 65147K, committed 66432K, reserved 1114112K
  class space    used 6906K, committed 7488K, reserved 1048576K
}
Event: 47.817 GC heap before
{Heap before GC invocations=49 (full 3):
 PSYoungGen      total 17408K, used 17389K [0x00000000eab00000, 0x00000000ec200000, 0x0000000100000000)
  eden space 16384K, 100% used [0x00000000eab00000,0x00000000ebb00000,0x00000000ebb00000)
  from space 1024K, 98% used [0x00000000ebe00000,0x00000000ebefb6b8,0x00000000ebf00000)
  to   space 3072K, 0% used [0x00000000ebf00000,0x00000000ebf00000,0x00000000ec200000)
 ParOldGen       total 92160K, used 83924K [0x00000000c0000000, 0x00000000c5a00000, 0x00000000eab00000)
  object space 92160K, 91% used [0x00000000c0000000,0x00000000c51f5330,0x00000000c5a00000)
 Metaspace       used 65876K, committed 67072K, reserved 1114112K
  class space    used 6951K, committed 7488K, reserved 1048576K
}
Event: 47.824 GC heap after
{Heap after GC invocations=49 (full 3):
 PSYoungGen      total 19456K, used 2818K [0x00000000eab00000, 0x00000000ec200000, 0x0000000100000000)
  eden space 16384K, 0% used [0x00000000eab00000,0x00000000eab00000,0x00000000ebb00000)
  from space 3072K, 91% used [0x00000000ebf00000,0x00000000ec1c0910,0x00000000ec200000)
  to   space 3072K, 0% used [0x00000000ebc00000,0x00000000ebc00000,0x00000000ebf00000)
 ParOldGen       total 92160K, used 84806K [0x00000000c0000000, 0x00000000c5a00000, 0x00000000eab00000)
  object space 92160K, 92% used [0x00000000c0000000,0x00000000c52d1a58,0x00000000c5a00000)
 Metaspace       used 65876K, committed 67072K, reserved 1114112K
  class space    used 6951K, committed 7488K, reserved 1048576K
}
Event: 50.973 GC heap before
{Heap before GC invocations=50 (full 3):
 PSYoungGen      total 19456K, used 19202K [0x00000000eab00000, 0x00000000ec200000, 0x0000000100000000)
  eden space 16384K, 100% used [0x00000000eab00000,0x00000000ebb00000,0x00000000ebb00000)
  from space 3072K, 91% used [0x00000000ebf00000,0x00000000ec1c0910,0x00000000ec200000)
  to   space 3072K, 0% used [0x00000000ebc00000,0x00000000ebc00000,0x00000000ebf00000)
 ParOldGen       total 92160K, used 84806K [0x00000000c0000000, 0x00000000c5a00000, 0x00000000eab00000)
  object space 92160K, 92% used [0x00000000c0000000,0x00000000c52d1a58,0x00000000c5a00000)
 Metaspace       used 66349K, committed 67520K, reserved 1114112K
  class space    used 6978K, committed 7488K, reserved 1048576K
}
Event: 50.980 GC heap after
{Heap after GC invocations=50 (full 3):
 PSYoungGen      total 16896K, used 448K [0x00000000eab00000, 0x00000000ebf80000, 0x0000000100000000)
  eden space 16384K, 0% used [0x00000000eab00000,0x00000000eab00000,0x00000000ebb00000)
  from space 512K, 87% used [0x00000000ebc00000,0x00000000ebc70000,0x00000000ebc80000)
  to   space 1536K, 0% used [0x00000000ebe00000,0x00000000ebe00000,0x00000000ebf80000)
 ParOldGen       total 92160K, used 86752K [0x00000000c0000000, 0x00000000c5a00000, 0x00000000eab00000)
  object space 92160K, 94% used [0x00000000c0000000,0x00000000c54b81d8,0x00000000c5a00000)
 Metaspace       used 66349K, committed 67520K, reserved 1114112K
  class space    used 6978K, committed 7488K, reserved 1048576K
}
Event: 53.141 GC heap before
{Heap before GC invocations=51 (full 3):
 PSYoungGen      total 16896K, used 16832K [0x00000000eab00000, 0x00000000ebf80000, 0x0000000100000000)
  eden space 16384K, 100% used [0x00000000eab00000,0x00000000ebb00000,0x00000000ebb00000)
  from space 512K, 87% used [0x00000000ebc00000,0x00000000ebc70000,0x00000000ebc80000)
  to   space 1536K, 0% used [0x00000000ebe00000,0x00000000ebe00000,0x00000000ebf80000)
 ParOldGen       total 92160K, used 86752K [0x00000000c0000000, 0x00000000c5a00000, 0x00000000eab00000)
  object space 92160K, 94% used [0x00000000c0000000,0x00000000c54b81d8,0x00000000c5a00000)
 Metaspace       used 66407K, committed 67648K, reserved 1114112K
  class space    used 6980K, committed 7488K, reserved 1048576K
}
Event: 53.144 GC heap after
{Heap after GC invocations=51 (full 3):
 PSYoungGen      total 16896K, used 312K [0x00000000eab00000, 0x00000000ebe80000, 0x0000000100000000)
  eden space 16384K, 0% used [0x00000000eab00000,0x00000000eab00000,0x00000000ebb00000)
  from space 512K, 60% used [0x00000000ebe00000,0x00000000ebe4e0d8,0x00000000ebe80000)
  to   space 1024K, 0% used [0x00000000ebc80000,0x00000000ebc80000,0x00000000ebd80000)
 ParOldGen       total 92160K, used 87138K [0x00000000c0000000, 0x00000000c5a00000, 0x00000000eab00000)
  object space 92160K, 94% used [0x00000000c0000000,0x00000000c5518988,0x00000000c5a00000)
 Metaspace       used 66407K, committed 67648K, reserved 1114112K
  class space    used 6980K, committed 7488K, reserved 1048576K
}
Event: 153.545 GC heap before
{Heap before GC invocations=52 (full 3):
 PSYoungGen      total 16896K, used 16696K [0x00000000eab00000, 0x00000000ebe80000, 0x0000000100000000)
  eden space 16384K, 100% used [0x00000000eab00000,0x00000000ebb00000,0x00000000ebb00000)
  from space 512K, 60% used [0x00000000ebe00000,0x00000000ebe4e0d8,0x00000000ebe80000)
  to   space 1024K, 0% used [0x00000000ebc80000,0x00000000ebc80000,0x00000000ebd80000)
 ParOldGen       total 92160K, used 87138K [0x00000000c0000000, 0x00000000c5a00000, 0x00000000eab00000)
  object space 92160K, 94% used [0x00000000c0000000,0x00000000c5518988,0x00000000c5a00000)
 Metaspace       used 67405K, committed 68608K, reserved 1114112K
  class space    used 7059K, committed 7616K, reserved 1048576K
}
Event: 153.632 GC heap after
{Heap after GC invocations=52 (full 3):
 PSYoungGen      total 17408K, used 1012K [0x00000000eab00000, 0x00000000ebf00000, 0x0000000100000000)
  eden space 16384K, 0% used [0x00000000eab00000,0x00000000eab00000,0x00000000ebb00000)
  from space 1024K, 98% used [0x00000000ebc80000,0x00000000ebd7d200,0x00000000ebd80000)
  to   space 1536K, 0% used [0x00000000ebd80000,0x00000000ebd80000,0x00000000ebf00000)
 ParOldGen       total 92160K, used 87606K [0x00000000c0000000, 0x00000000c5a00000, 0x00000000eab00000)
  object space 92160K, 95% used [0x00000000c0000000,0x00000000c558dbc8,0x00000000c5a00000)
 Metaspace       used 67405K, committed 68608K, reserved 1114112K
  class space    used 7059K, committed 7616K, reserved 1048576K
}
Event: 157.072 GC heap before
{Heap before GC invocations=53 (full 3):
 PSYoungGen      total 17408K, used 17396K [0x00000000eab00000, 0x00000000ebf00000, 0x0000000100000000)
  eden space 16384K, 100% used [0x00000000eab00000,0x00000000ebb00000,0x00000000ebb00000)
  from space 1024K, 98% used [0x00000000ebc80000,0x00000000ebd7d200,0x00000000ebd80000)
  to   space 1536K, 0% used [0x00000000ebd80000,0x00000000ebd80000,0x00000000ebf00000)
 ParOldGen       total 92160K, used 87606K [0x00000000c0000000, 0x00000000c5a00000, 0x00000000eab00000)
  object space 92160K, 95% used [0x00000000c0000000,0x00000000c558dbc8,0x00000000c5a00000)
 Metaspace       used 68896K, committed 70080K, reserved 1114112K
  class space    used 7167K, committed 7744K, reserved 1048576K
}
Event: 157.084 GC heap after
{Heap after GC invocations=53 (full 3):
 PSYoungGen      total 16384K, used 1536K [0x00000000eab00000, 0x00000000ec300000, 0x0000000100000000)
  eden space 14848K, 0% used [0x00000000eab00000,0x00000000eab00000,0x00000000eb980000)
  from space 1536K, 100% used [0x00000000ebd80000,0x00000000ebf00000,0x00000000ebf00000)
  to   space 4096K, 0% used [0x00000000eb980000,0x00000000eb980000,0x00000000ebd80000)
 ParOldGen       total 92160K, used 89549K [0x00000000c0000000, 0x00000000c5a00000, 0x00000000eab00000)
  object space 92160K, 97% used [0x00000000c0000000,0x00000000c5773628,0x00000000c5a00000)
 Metaspace       used 68896K, committed 70080K, reserved 1114112K
  class space    used 7167K, committed 7744K, reserved 1048576K
}

