# JRE version: OpenJDK Runtime Environment Temurin-17.0.7+7 (17.0.7+7) (build 17.0.7+7)
# Java VM: OpenJDK 64-Bit Server VM Temurin-17.0.7+7 (17.0.7+7, mixed mode, emulated-client, tiered, compressed oops, compressed class ptrs, g1 gc, windows-amd64)
GC Precious Log:
 CPUs: 4 total, 4 available
 Memory: 3961M
 Large Page Support: Disabled
 NUMA Support: Disabled
 Compressed Oops: Enabled (32-bit)
 Heap Region Size: 1M
 Heap Min Capacity: 8M
 Heap Initial Capacity: 62M
 Heap Max Capacity: 1G
 Pre-touch: Disabled
 Parallel Workers: 4
 Concurrent Workers: 1
 Concurrent Refinement Workers: 4
 Periodic GC: Disabled
Heap:
 garbage-first heap   total 48128K, used 14086K [0x00000000c0000000, 0x0000000100000000)
  region size 1024K, 1 young (1024K), 0 survivors (0K)
 Metaspace       used 34427K, committed 34944K, reserved 1114112K
  class space    used 4459K, committed 4672K, reserved 1048576K
GC Heap History (20 events):
Event: 2.928 GC heap before
{Heap before GC invocations=0 (full 0):
 garbage-first heap   total 63488K, used 12288K [0x00000000c0000000, 0x0000000100000000)
  region size 1024K, 13 young (13312K), 0 survivors (0K)
 Metaspace       used 6676K, committed 6720K, reserved 1114112K
  class space    used 679K, committed 704K, reserved 1048576K
}
Event: 3.097 GC heap after
{Heap after GC invocations=1 (full 0):
 garbage-first heap   total 63488K, used 6974K [0x00000000c0000000, 0x0000000100000000)
  region size 1024K, 2 young (2048K), 2 survivors (2048K)
 Metaspace       used 6676K, committed 6720K, reserved 1114112K
  class space    used 679K, committed 704K, reserved 1048576K
}
Event: 4.684 GC heap before
{Heap before GC invocations=1 (full 0):
 garbage-first heap   total 63488K, used 15166K [0x00000000c0000000, 0x0000000100000000)
  region size 1024K, 11 young (11264K), 2 survivors (2048K)
 Metaspace       used 9286K, committed 9408K, reserved 1114112K
  class space    used 1110K, committed 1152K, reserved 1048576K
}
Event: 4.693 GC heap after
{Heap after GC invocations=2 (full 0):
 garbage-first heap   total 63488K, used 7588K [0x00000000c0000000, 0x0000000100000000)
  region size 1024K, 1 young (1024K), 1 survivors (1024K)
 Metaspace       used 9286K, committed 9408K, reserved 1114112K
  class space    used 1110K, committed 1152K, reserved 1048576K
}
Event: 8.269 GC heap before
{Heap before GC invocations=2 (full 0):
 garbage-first heap   total 63488K, used 27044K [0x00000000c0000000, 0x0000000100000000)
  region size 1024K, 20 young (20480K), 1 survivors (1024K)
 Metaspace       used 15300K, committed 15488K, reserved 1114112K
  class space    used 1897K, committed 1984K, reserved 1048576K
}
Event: 8.279 GC heap after
{Heap after GC invocations=3 (full 0):
 garbage-first heap   total 63488K, used 9601K [0x00000000c0000000, 0x0000000100000000)
  region size 1024K, 3 young (3072K), 3 survivors (3072K)
 Metaspace       used 15300K, committed 15488K, reserved 1114112K
  class space    used 1897K, committed 1984K, reserved 1048576K
}
Event: 11.180 GC heap before
{Heap before GC invocations=3 (full 0):
 garbage-first heap   total 63488K, used 33153K [0x00000000c0000000, 0x0000000100000000)
  region size 1024K, 26 young (26624K), 3 survivors (3072K)
 Metaspace       used 20470K, committed 20736K, reserved 1114112K
  class space    used 2525K, committed 2624K, reserved 1048576K
}
Event: 11.194 GC heap after
{Heap after GC invocations=4 (full 0):
 garbage-first heap   total 63488K, used 11732K [0x00000000c0000000, 0x0000000100000000)
  region size 1024K, 4 young (4096K), 4 survivors (4096K)
 Metaspace       used 20470K, committed 20736K, reserved 1114112K
  class space    used 2525K, committed 2624K, reserved 1048576K
}
Event: 11.506 GC heap before
{Heap before GC invocations=4 (full 0):
 garbage-first heap   total 63488K, used 14804K [0x00000000c0000000, 0x0000000100000000)
  region size 1024K, 8 young (8192K), 4 survivors (4096K)
 Metaspace       used 21332K, committed 21504K, reserved 1114112K
  class space    used 2618K, committed 2688K, reserved 1048576K
}
Event: 11.517 GC heap after
{Heap after GC invocations=5 (full 0):
 garbage-first heap   total 63488K, used 12435K [0x00000000c0000000, 0x0000000100000000)
  region size 1024K, 1 young (1024K), 1 survivors (1024K)
 Metaspace       used 21332K, committed 21504K, reserved 1114112K
  class space    used 2618K, committed 2688K, reserved 1048576K
}
Event: 13.747 GC heap before
{Heap before GC invocations=6 (full 0):
 garbage-first heap   total 48128K, used 37011K [0x00000000c0000000, 0x0000000100000000)
  region size 1024K, 27 young (27648K), 1 survivors (1024K)
 Metaspace       used 25439K, committed 25664K, reserved 1114112K
  class space    used 3170K, committed 3264K, reserved 1048576K
}
Event: 13.752 GC heap after
{Heap after GC invocations=7 (full 0):
 garbage-first heap   total 48128K, used 13605K [0x00000000c0000000, 0x0000000100000000)
  region size 1024K, 2 young (2048K), 2 survivors (2048K)
 Metaspace       used 25439K, committed 25664K, reserved 1114112K
  class space    used 3170K, committed 3264K, reserved 1048576K
}
Event: 16.598 GC heap before
{Heap before GC invocations=7 (full 0):
 garbage-first heap   total 48128K, used 32037K [0x00000000c0000000, 0x0000000100000000)
  region size 1024K, 21 young (21504K), 2 survivors (2048K)
 Metaspace       used 28897K, committed 29248K, reserved 1114112K
  class space    used 3673K, committed 3840K, reserved 1048576K
}
Event: 16.611 GC heap after
{Heap after GC invocations=8 (full 0):
 garbage-first heap   total 48128K, used 16161K [0x00000000c0000000, 0x0000000100000000)
  region size 1024K, 3 young (3072K), 3 survivors (3072K)
 Metaspace       used 28897K, committed 29248K, reserved 1114112K
  class space    used 3673K, committed 3840K, reserved 1048576K
}
Event: 19.007 GC heap before
{Heap before GC invocations=8 (full 0):
 garbage-first heap   total 48128K, used 33569K [0x00000000c0000000, 0x0000000100000000)
  region size 1024K, 20 young (20480K), 3 survivors (3072K)
 Metaspace       used 31692K, committed 32000K, reserved 1114112K
  class space    used 4046K, committed 4160K, reserved 1048576K
}
Event: 19.021 GC heap after
{Heap after GC invocations=9 (full 0):
 garbage-first heap   total 48128K, used 17299K [0x00000000c0000000, 0x0000000100000000)
  region size 1024K, 2 young (2048K), 2 survivors (2048K)
 Metaspace       used 31692K, committed 32000K, reserved 1114112K
  class space    used 4046K, committed 4160K, reserved 1048576K
}
Event: 63.326 GC heap before
{Heap before GC invocations=9 (full 0):
 garbage-first heap   total 48128K, used 32659K [0x00000000c0000000, 0x0000000100000000)
  region size 1024K, 18 young (18432K), 2 survivors (2048K)
 Metaspace       used 34546K, committed 34944K, reserved 1114112K
  class space    used 4489K, committed 4672K, reserved 1048576K
}
Event: 63.621 GC heap after
{Heap after GC invocations=10 (full 1):
 garbage-first heap   total 48128K, used 17151K [0x00000000c0000000, 0x0000000100000000)
  region size 1024K, 0 young (0K), 0 survivors (0K)
 Metaspace       used 34546K, committed 34944K, reserved 1114112K
  class space    used 4489K, committed 4672K, reserved 1048576K
}
Event: 74.668 GC heap before
{Heap before GC invocations=10 (full 1):
 garbage-first heap   total 48128K, used 17151K [0x00000000c0000000, 0x0000000100000000)
  region size 1024K, 1 young (1024K), 0 survivors (0K)
 Metaspace       used 34546K, committed 34944K, reserved 1114112K
  class space    used 4489K, committed 4672K, reserved 1048576K
}
Event: 75.078 GC heap after
{Heap after GC invocations=11 (full 2):
 garbage-first heap   total 48128K, used 14086K [0x00000000c0000000, 0x0000000100000000)
  region size 1024K, 0 young (0K), 0 survivors (0K)
 Metaspace       used 34427K, committed 34944K, reserved 1114112K
  class space    used 4459K, committed 4672K, reserved 1048576K
}

